<?xml version="1.0" encoding="UTF-8"?>
<testng-results ignored="0" total="9" passed="7" failed="2" skipped="0">
  <reporter-output>
  </reporter-output>
  <suite started-at="2022-12-06T21:32:39 EST" name="TestNg Roicians" finished-at="2022-12-06T21:37:17 EST" duration-ms="278424">
    <groups>
      <group name="first">
        <method signature="LoginTest.InvalidPassword()[pri:2, instance:testlayer.LoginTest@56620197]" name="InvalidPassword" class="testlayer.LoginTest"/>
        <method signature="LoginTest.Login()[pri:3, instance:testlayer.LoginTest@56620197]" name="Login" class="testlayer.LoginTest"/>
        <method signature="LoginTest.Title()[pri:1, instance:testlayer.LoginTest@56620197]" name="Title" class="testlayer.LoginTest"/>
      </group> <!-- first -->
      <group name="second">
        <method signature="Order.Account_Address()[pri:2, instance:testlayer.Order@694abbdc]" name="Account_Address" class="testlayer.Order"/>
        <method signature="Order.Account_Orders()[pri:1, instance:testlayer.Order@694abbdc]" name="Account_Orders" class="testlayer.Order"/>
      </group> <!-- second -->
    </groups>
    <test started-at="2022-12-06T21:32:39 EST" name="TestN" finished-at="2022-12-06T21:37:17 EST" duration-ms="278424">
      <class name="testlayer.LoginTest">
        <test-method is-config="true" signature="initatesetup()[pri:0, instance:testlayer.LoginTest@56620197]" started-at="2022-12-06T21:32:39 EST" name="initatesetup" finished-at="2022-12-06T21:32:43 EST" duration-ms="3521" status="PASS">
          <reporter-output>
          </reporter-output>
        </test-method> <!-- initatesetup -->
        <test-method signature="Title()[pri:1, instance:testlayer.LoginTest@56620197]" started-at="2022-12-06T21:32:43 EST" name="Title" finished-at="2022-12-06T21:32:43 EST" duration-ms="13" status="PASS">
          <reporter-output>
          </reporter-output>
        </test-method> <!-- Title -->
        <test-method is-config="true" signature="close()[pri:0, instance:testlayer.LoginTest@56620197]" started-at="2022-12-06T21:32:43 EST" name="close" finished-at="2022-12-06T21:32:43 EST" duration-ms="639" status="PASS">
          <reporter-output>
          </reporter-output>
        </test-method> <!-- close -->
        <test-method is-config="true" signature="initatesetup()[pri:0, instance:testlayer.LoginTest@56620197]" started-at="2022-12-06T21:32:43 EST" name="initatesetup" finished-at="2022-12-06T21:32:46 EST" duration-ms="2247" status="PASS">
          <reporter-output>
          </reporter-output>
        </test-method> <!-- initatesetup -->
        <test-method signature="InvalidPassword()[pri:2, instance:testlayer.LoginTest@56620197]" started-at="2022-12-06T21:32:46 EST" name="InvalidPassword" finished-at="2022-12-06T21:33:13 EST" duration-ms="27807" status="FAIL">
          <exception class="org.openqa.selenium.NoSuchElementException">
            <message>
              <![CDATA[Unable to locate element: #auth\-error\-message\-box
For documentation on this error, please visit: https://www.seleniumhq.org/exceptions/no_such_element.html
Build info: version: '3.141.59', revision: 'e82be7d358', time: '2018-11-14T08:17:03'
System info: host: 'MSI', ip: '192.168.255.1', os.name: 'Windows 10', os.arch: 'amd64', os.version: '10.0', java.version: '18.0.2.1'
Driver info: org.openqa.selenium.firefox.FirefoxDriver
Capabilities {acceptInsecureCerts: true, browserName: firefox, browserVersion: 107.0.1, javascriptEnabled: true, moz:accessibilityChecks: false, moz:buildID: 20221128144904, moz:geckodriverVersion: 0.31.0, moz:headless: false, moz:platformVersion: 10.0, moz:processID: 21920, moz:profile: C:\Users\himan\AppData\Loca..., moz:shutdownTimeout: 60000, moz:useNonSpecCompliantPointerOrigin: false, moz:webdriverClick: true, moz:windowless: false, pageLoadStrategy: normal, platform: WINDOWS, platformName: WINDOWS, proxy: Proxy(), setWindowRect: true, strictFileInteractability: false, timeouts: {implicit: 0, pageLoad: 300000, script: 30000}, unhandledPromptBehavior: dismiss and notify}
Session ID: 1ece301c-3feb-456e-896c-4386b7462913
*** Element info: {Using=id, value=auth-error-message-box}]]>
            </message>
            <full-stacktrace>
              <![CDATA[org.openqa.selenium.NoSuchElementException: Unable to locate element: #auth\-error\-message\-box
For documentation on this error, please visit: https://www.seleniumhq.org/exceptions/no_such_element.html
Build info: version: '3.141.59', revision: 'e82be7d358', time: '2018-11-14T08:17:03'
System info: host: 'MSI', ip: '192.168.255.1', os.name: 'Windows 10', os.arch: 'amd64', os.version: '10.0', java.version: '18.0.2.1'
Driver info: org.openqa.selenium.firefox.FirefoxDriver
Capabilities {acceptInsecureCerts: true, browserName: firefox, browserVersion: 107.0.1, javascriptEnabled: true, moz:accessibilityChecks: false, moz:buildID: 20221128144904, moz:geckodriverVersion: 0.31.0, moz:headless: false, moz:platformVersion: 10.0, moz:processID: 21920, moz:profile: C:\Users\himan\AppData\Loca..., moz:shutdownTimeout: 60000, moz:useNonSpecCompliantPointerOrigin: false, moz:webdriverClick: true, moz:windowless: false, pageLoadStrategy: normal, platform: WINDOWS, platformName: WINDOWS, proxy: Proxy(), setWindowRect: true, strictFileInteractability: false, timeouts: {implicit: 0, pageLoad: 300000, script: 30000}, unhandledPromptBehavior: dismiss and notify}
Session ID: 1ece301c-3feb-456e-896c-4386b7462913
*** Element info: {Using=id, value=auth-error-message-box}
at java.base/jdk.internal.reflect.DirectConstructorHandleAccessor.newInstance(DirectConstructorHandleAccessor.java:67)
at java.base/java.lang.reflect.Constructor.newInstanceWithCaller(Constructor.java:499)
at java.base/java.lang.reflect.Constructor.newInstance(Constructor.java:483)
at org.openqa.selenium.remote.http.W3CHttpResponseCodec.createException(W3CHttpResponseCodec.java:187)
at org.openqa.selenium.remote.http.W3CHttpResponseCodec.decode(W3CHttpResponseCodec.java:122)
at org.openqa.selenium.remote.http.W3CHttpResponseCodec.decode(W3CHttpResponseCodec.java:49)
at org.openqa.selenium.remote.HttpCommandExecutor.execute(HttpCommandExecutor.java:158)
at org.openqa.selenium.remote.service.DriverCommandExecutor.execute(DriverCommandExecutor.java:83)
at org.openqa.selenium.remote.RemoteWebDriver.execute(RemoteWebDriver.java:552)
at org.openqa.selenium.remote.RemoteWebDriver.findElement(RemoteWebDriver.java:323)
at org.openqa.selenium.remote.RemoteWebDriver.findElementById(RemoteWebDriver.java:372)
at org.openqa.selenium.By$ById.findElement(By.java:188)
at org.openqa.selenium.remote.RemoteWebDriver.findElement(RemoteWebDriver.java:315)
at org.openqa.selenium.support.pagefactory.DefaultElementLocator.findElement(DefaultElementLocator.java:69)
at org.openqa.selenium.support.pagefactory.internal.LocatingElementHandler.invoke(LocatingElementHandler.java:38)
at jdk.proxy2/jdk.proxy2.$Proxy12.getText(Unknown Source)
at pompackage.PomLogin.ErrorMessage(PomLogin.java:54)
at testlayer.LoginTest.InvalidPassword(LoginTest.java:54)
at java.base/jdk.internal.reflect.DirectMethodHandleAccessor.invoke(DirectMethodHandleAccessor.java:104)
at java.base/java.lang.reflect.Method.invoke(Method.java:577)
at org.testng.internal.MethodInvocationHelper.invokeMethod(MethodInvocationHelper.java:133)
at org.testng.internal.TestInvoker.invokeMethod(TestInvoker.java:598)
at org.testng.internal.TestInvoker.invokeTestMethod(TestInvoker.java:173)
at org.testng.internal.MethodRunner.runInSequence(MethodRunner.java:46)
at org.testng.internal.TestInvoker$MethodInvocationAgent.invoke(TestInvoker.java:824)
at org.testng.internal.TestInvoker.invokeTestMethods(TestInvoker.java:146)
at org.testng.internal.TestMethodWorker.invokeTestMethods(TestMethodWorker.java:146)
at org.testng.internal.TestMethodWorker.run(TestMethodWorker.java:128)
at java.base/java.util.ArrayList.forEach(ArrayList.java:1511)
at org.testng.TestRunner.privateRun(TestRunner.java:794)
at org.testng.TestRunner.run(TestRunner.java:596)
at org.testng.SuiteRunner.runTest(SuiteRunner.java:377)
at org.testng.SuiteRunner.runSequentially(SuiteRunner.java:371)
at org.testng.SuiteRunner.privateRun(SuiteRunner.java:332)
at org.testng.SuiteRunner.run(SuiteRunner.java:276)
at org.testng.SuiteRunnerWorker.runSuite(SuiteRunnerWorker.java:53)
at org.testng.SuiteRunnerWorker.run(SuiteRunnerWorker.java:96)
at org.testng.TestNG.runSuitesSequentially(TestNG.java:1212)
at org.testng.TestNG.runSuitesLocally(TestNG.java:1134)
at org.testng.TestNG.runSuites(TestNG.java:1063)
at org.testng.TestNG.run(TestNG.java:1031)
at org.testng.remote.AbstractRemoteTestNG.run(AbstractRemoteTestNG.java:115)
at org.testng.remote.RemoteTestNG.initAndRun(RemoteTestNG.java:251)
at org.testng.remote.RemoteTestNG.main(RemoteTestNG.java:77)
]]>
            </full-stacktrace>
          </exception> <!-- org.openqa.selenium.NoSuchElementException -->
          <reporter-output>
          </reporter-output>
        </test-method> <!-- InvalidPassword -->
        <test-method is-config="true" signature="close()[pri:0, instance:testlayer.LoginTest@56620197]" started-at="2022-12-06T21:33:13 EST" name="close" finished-at="2022-12-06T21:33:14 EST" duration-ms="488" status="PASS">
          <reporter-output>
          </reporter-output>
        </test-method> <!-- close -->
        <test-method is-config="true" signature="initatesetup()[pri:0, instance:testlayer.LoginTest@56620197]" started-at="2022-12-06T21:33:14 EST" name="initatesetup" finished-at="2022-12-06T21:33:17 EST" duration-ms="2832" status="PASS">
          <reporter-output>
          </reporter-output>
        </test-method> <!-- initatesetup -->
        <test-method signature="Login()[pri:3, instance:testlayer.LoginTest@56620197]" started-at="2022-12-06T21:33:17 EST" name="Login" finished-at="2022-12-06T21:33:45 EST" duration-ms="28663" status="PASS">
          <reporter-output>
          </reporter-output>
        </test-method> <!-- Login -->
        <test-method is-config="true" signature="close()[pri:0, instance:testlayer.LoginTest@56620197]" started-at="2022-12-06T21:33:45 EST" name="close" finished-at="2022-12-06T21:33:46 EST" duration-ms="723" status="PASS">
          <reporter-output>
          </reporter-output>
        </test-method> <!-- close -->
      </class> <!-- testlayer.LoginTest -->
      <class name="testlayer.Order">
        <test-method is-config="true" signature="initiatesetup2()[pri:0, instance:testlayer.Order@694abbdc]" started-at="2022-12-06T21:33:46 EST" name="initiatesetup2" finished-at="2022-12-06T21:33:48 EST" duration-ms="2104" status="PASS">
          <reporter-output>
          </reporter-output>
        </test-method> <!-- initiatesetup2 -->
        <test-method signature="Account_Orders()[pri:1, instance:testlayer.Order@694abbdc]" started-at="2022-12-06T21:33:48 EST" name="Account_Orders" finished-at="2022-12-06T21:34:28 EST" duration-ms="40293" status="PASS">
          <reporter-output>
          </reporter-output>
        </test-method> <!-- Account_Orders -->
        <test-method is-config="true" signature="close2()[pri:0, instance:testlayer.Order@694abbdc]" started-at="2022-12-06T21:34:28 EST" name="close2" finished-at="2022-12-06T21:34:29 EST" duration-ms="785" status="PASS">
          <reporter-output>
          </reporter-output>
        </test-method> <!-- close2 -->
        <test-method is-config="true" signature="initiatesetup2()[pri:0, instance:testlayer.Order@694abbdc]" started-at="2022-12-06T21:34:29 EST" name="initiatesetup2" finished-at="2022-12-06T21:34:32 EST" duration-ms="2570" status="PASS">
          <reporter-output>
          </reporter-output>
        </test-method> <!-- initiatesetup2 -->
        <test-method signature="Account_Address()[pri:2, instance:testlayer.Order@694abbdc]" started-at="2022-12-06T21:34:32 EST" name="Account_Address" finished-at="2022-12-06T21:35:13 EST" duration-ms="41201" status="PASS">
          <reporter-output>
          </reporter-output>
        </test-method> <!-- Account_Address -->
        <test-method is-config="true" signature="close2()[pri:0, instance:testlayer.Order@694abbdc]" started-at="2022-12-06T21:35:13 EST" name="close2" finished-at="2022-12-06T21:35:14 EST" duration-ms="718" status="PASS">
          <reporter-output>
          </reporter-output>
        </test-method> <!-- close2 -->
      </class> <!-- testlayer.Order -->
      <class name="testlayer.Payement">
        <test-method is-config="true" signature="initiatesetup2()[pri:0, instance:testlayer.Payement@2e005c4b]" started-at="2022-12-06T21:35:14 EST" name="initiatesetup2" finished-at="2022-12-06T21:35:16 EST" duration-ms="2263" status="PASS">
          <reporter-output>
          </reporter-output>
        </test-method> <!-- initiatesetup2 -->
        <test-method signature="payment_module()[pri:0, instance:testlayer.Payement@2e005c4b]" started-at="2022-12-06T21:35:16 EST" name="payment_module" finished-at="2022-12-06T21:35:48 EST" duration-ms="32385" status="PASS">
          <reporter-output>
          </reporter-output>
        </test-method> <!-- payment_module -->
        <test-method is-config="true" signature="close2()[pri:0, instance:testlayer.Payement@2e005c4b]" started-at="2022-12-06T21:35:48 EST" name="close2" finished-at="2022-12-06T21:35:49 EST" duration-ms="783" status="PASS">
          <reporter-output>
          </reporter-output>
        </test-method> <!-- close2 -->
      </class> <!-- testlayer.Payement -->
      <class name="testlayer.Product_Search">
        <test-method is-config="true" signature="initiatesetup2()[pri:0, instance:testlayer.Product_Search@4567f35d]" started-at="2022-12-06T21:35:49 EST" name="initiatesetup2" finished-at="2022-12-06T21:35:51 EST" duration-ms="2356" status="PASS">
          <reporter-output>
          </reporter-output>
        </test-method> <!-- initiatesetup2 -->
        <test-method signature="ProductSearch_Navigating()[pri:1, instance:testlayer.Product_Search@4567f35d]" started-at="2022-12-06T21:35:51 EST" name="ProductSearch_Navigating" finished-at="2022-12-06T21:36:17 EST" duration-ms="25489" status="FAIL">
          <exception class="org.openqa.selenium.NoSuchElementException">
            <message>
              <![CDATA[Unable to locate element: /html/body/div[1]/div[2]/div[1]/div[1]/div/span[1]/div[1]/div[68]/div/div/span/a[3]
For documentation on this error, please visit: https://www.seleniumhq.org/exceptions/no_such_element.html
Build info: version: '3.141.59', revision: 'e82be7d358', time: '2018-11-14T08:17:03'
System info: host: 'MSI', ip: '192.168.255.1', os.name: 'Windows 10', os.arch: 'amd64', os.version: '10.0', java.version: '18.0.2.1'
Driver info: org.openqa.selenium.firefox.FirefoxDriver
Capabilities {acceptInsecureCerts: true, browserName: firefox, browserVersion: 107.0.1, javascriptEnabled: true, moz:accessibilityChecks: false, moz:buildID: 20221128144904, moz:geckodriverVersion: 0.31.0, moz:headless: false, moz:platformVersion: 10.0, moz:processID: 21996, moz:profile: C:\Users\himan\AppData\Loca..., moz:shutdownTimeout: 60000, moz:useNonSpecCompliantPointerOrigin: false, moz:webdriverClick: true, moz:windowless: false, pageLoadStrategy: normal, platform: WINDOWS, platformName: WINDOWS, proxy: Proxy(), setWindowRect: true, strictFileInteractability: false, timeouts: {implicit: 0, pageLoad: 300000, script: 30000}, unhandledPromptBehavior: dismiss and notify}
Session ID: b6552c21-80d7-4954-9bff-3bf0ff96d7b4
*** Element info: {Using=xpath, value=/html/body/div[1]/div[2]/div[1]/div[1]/div/span[1]/div[1]/div[68]/div/div/span/a[3]}]]>
            </message>
            <full-stacktrace>
              <![CDATA[org.openqa.selenium.NoSuchElementException: Unable to locate element: /html/body/div[1]/div[2]/div[1]/div[1]/div/span[1]/div[1]/div[68]/div/div/span/a[3]
For documentation on this error, please visit: https://www.seleniumhq.org/exceptions/no_such_element.html
Build info: version: '3.141.59', revision: 'e82be7d358', time: '2018-11-14T08:17:03'
System info: host: 'MSI', ip: '192.168.255.1', os.name: 'Windows 10', os.arch: 'amd64', os.version: '10.0', java.version: '18.0.2.1'
Driver info: org.openqa.selenium.firefox.FirefoxDriver
Capabilities {acceptInsecureCerts: true, browserName: firefox, browserVersion: 107.0.1, javascriptEnabled: true, moz:accessibilityChecks: false, moz:buildID: 20221128144904, moz:geckodriverVersion: 0.31.0, moz:headless: false, moz:platformVersion: 10.0, moz:processID: 21996, moz:profile: C:\Users\himan\AppData\Loca..., moz:shutdownTimeout: 60000, moz:useNonSpecCompliantPointerOrigin: false, moz:webdriverClick: true, moz:windowless: false, pageLoadStrategy: normal, platform: WINDOWS, platformName: WINDOWS, proxy: Proxy(), setWindowRect: true, strictFileInteractability: false, timeouts: {implicit: 0, pageLoad: 300000, script: 30000}, unhandledPromptBehavior: dismiss and notify}
Session ID: b6552c21-80d7-4954-9bff-3bf0ff96d7b4
*** Element info: {Using=xpath, value=/html/body/div[1]/div[2]/div[1]/div[1]/div/span[1]/div[1]/div[68]/div/div/span/a[3]}
at java.base/jdk.internal.reflect.DirectConstructorHandleAccessor.newInstance(DirectConstructorHandleAccessor.java:67)
at java.base/java.lang.reflect.Constructor.newInstanceWithCaller(Constructor.java:499)
at java.base/java.lang.reflect.Constructor.newInstance(Constructor.java:483)
at org.openqa.selenium.remote.http.W3CHttpResponseCodec.createException(W3CHttpResponseCodec.java:187)
at org.openqa.selenium.remote.http.W3CHttpResponseCodec.decode(W3CHttpResponseCodec.java:122)
at org.openqa.selenium.remote.http.W3CHttpResponseCodec.decode(W3CHttpResponseCodec.java:49)
at org.openqa.selenium.remote.HttpCommandExecutor.execute(HttpCommandExecutor.java:158)
at org.openqa.selenium.remote.service.DriverCommandExecutor.execute(DriverCommandExecutor.java:83)
at org.openqa.selenium.remote.RemoteWebDriver.execute(RemoteWebDriver.java:552)
at org.openqa.selenium.remote.RemoteWebDriver.findElement(RemoteWebDriver.java:323)
at org.openqa.selenium.remote.RemoteWebDriver.findElementByXPath(RemoteWebDriver.java:428)
at org.openqa.selenium.By$ByXPath.findElement(By.java:353)
at org.openqa.selenium.remote.RemoteWebDriver.findElement(RemoteWebDriver.java:315)
at org.openqa.selenium.support.pagefactory.DefaultElementLocator.findElement(DefaultElementLocator.java:69)
at org.openqa.selenium.support.pagefactory.internal.LocatingElementHandler.invoke(LocatingElementHandler.java:38)
at jdk.proxy2/jdk.proxy2.$Proxy12.click(Unknown Source)
at pompackage.PomProduct.SeconndPag(PomProduct.java:49)
at testlayer.Product_Search.ProductSearch_Navigating(Product_Search.java:59)
at java.base/jdk.internal.reflect.DirectMethodHandleAccessor.invoke(DirectMethodHandleAccessor.java:104)
at java.base/java.lang.reflect.Method.invoke(Method.java:577)
at org.testng.internal.MethodInvocationHelper.invokeMethod(MethodInvocationHelper.java:133)
at org.testng.internal.TestInvoker.invokeMethod(TestInvoker.java:598)
at org.testng.internal.TestInvoker.invokeTestMethod(TestInvoker.java:173)
at org.testng.internal.MethodRunner.runInSequence(MethodRunner.java:46)
at org.testng.internal.TestInvoker$MethodInvocationAgent.invoke(TestInvoker.java:824)
at org.testng.internal.TestInvoker.invokeTestMethods(TestInvoker.java:146)
at org.testng.internal.TestMethodWorker.invokeTestMethods(TestMethodWorker.java:146)
at org.testng.internal.TestMethodWorker.run(TestMethodWorker.java:128)
at java.base/java.util.ArrayList.forEach(ArrayList.java:1511)
at org.testng.TestRunner.privateRun(TestRunner.java:794)
at org.testng.TestRunner.run(TestRunner.java:596)
at org.testng.SuiteRunner.runTest(SuiteRunner.java:377)
at org.testng.SuiteRunner.runSequentially(SuiteRunner.java:371)
at org.testng.SuiteRunner.privateRun(SuiteRunner.java:332)
at org.testng.SuiteRunner.run(SuiteRunner.java:276)
at org.testng.SuiteRunnerWorker.runSuite(SuiteRunnerWorker.java:53)
at org.testng.SuiteRunnerWorker.run(SuiteRunnerWorker.java:96)
at org.testng.TestNG.runSuitesSequentially(TestNG.java:1212)
at org.testng.TestNG.runSuitesLocally(TestNG.java:1134)
at org.testng.TestNG.runSuites(TestNG.java:1063)
at org.testng.TestNG.run(TestNG.java:1031)
at org.testng.remote.AbstractRemoteTestNG.run(AbstractRemoteTestNG.java:115)
at org.testng.remote.RemoteTestNG.initAndRun(RemoteTestNG.java:251)
at org.testng.remote.RemoteTestNG.main(RemoteTestNG.java:77)
]]>
            </full-stacktrace>
          </exception> <!-- org.openqa.selenium.NoSuchElementException -->
          <reporter-output>
          </reporter-output>
        </test-method> <!-- ProductSearch_Navigating -->
        <test-method is-config="true" signature="close2()[pri:0, instance:testlayer.Product_Search@4567f35d]" started-at="2022-12-06T21:36:17 EST" name="close2" finished-at="2022-12-06T21:36:23 EST" duration-ms="5796" status="PASS">
          <reporter-output>
          </reporter-output>
        </test-method> <!-- close2 -->
        <test-method is-config="true" signature="initiatesetup2()[pri:0, instance:testlayer.Product_Search@4567f35d]" started-at="2022-12-06T21:36:23 EST" name="initiatesetup2" finished-at="2022-12-06T21:36:25 EST" duration-ms="2502" status="PASS">
          <reporter-output>
          </reporter-output>
        </test-method> <!-- initiatesetup2 -->
        <test-method signature="ProudctSearch_Info()[pri:2, instance:testlayer.Product_Search@4567f35d]" started-at="2022-12-06T21:36:25 EST" name="ProudctSearch_Info" finished-at="2022-12-06T21:36:44 EST" duration-ms="18526" status="PASS">
          <reporter-output>
          </reporter-output>
        </test-method> <!-- ProudctSearch_Info -->
        <test-method is-config="true" signature="close2()[pri:0, instance:testlayer.Product_Search@4567f35d]" started-at="2022-12-06T21:36:44 EST" name="close2" finished-at="2022-12-06T21:36:50 EST" duration-ms="5861" status="PASS">
          <reporter-output>
          </reporter-output>
        </test-method> <!-- close2 -->
        <test-method is-config="true" signature="initiatesetup2()[pri:0, instance:testlayer.Product_Search@4567f35d]" started-at="2022-12-06T21:36:50 EST" name="initiatesetup2" finished-at="2022-12-06T21:36:52 EST" duration-ms="2496" status="PASS">
          <reporter-output>
          </reporter-output>
        </test-method> <!-- initiatesetup2 -->
        <test-method signature="ProudctSearch_AddCart()[pri:3, instance:testlayer.Product_Search@4567f35d]" started-at="2022-12-06T21:36:52 EST" name="ProudctSearch_AddCart" finished-at="2022-12-06T21:37:12 EST" duration-ms="19473" status="PASS">
          <reporter-output>
          </reporter-output>
        </test-method> <!-- ProudctSearch_AddCart -->
        <test-method is-config="true" signature="close2()[pri:0, instance:testlayer.Product_Search@4567f35d]" started-at="2022-12-06T21:37:12 EST" name="close2" finished-at="2022-12-06T21:37:17 EST" duration-ms="5851" status="PASS">
          <reporter-output>
          </reporter-output>
        </test-method> <!-- close2 -->
      </class> <!-- testlayer.Product_Search -->
    </test> <!-- TestN -->
  </suite> <!-- TestNg Roicians -->
</testng-results>
